{"target": -6.888849560075058, "params": {"Kd": 1.878955193048339, "Ki": 0.9507635921035062, "Kp": 7.34674002393291}, "datetime": {"datetime": "2025-03-01 11:39:27", "elapsed": 0.0, "delta": 0.0}}
{"target": -7.097050419534897, "params": {"Kd": 2.9973058361432123, "Ki": 0.1568626218019941, "Kp": 1.6443457513284063}, "datetime": {"datetime": "2025-03-01 11:39:27", "elapsed": 0.160803, "delta": 0.160803}}
{"target": -7.7379080679474335, "params": {"Kd": 0.29983722471931534, "Ki": 0.8663099696291603, "Kp": 6.051038616257767}, "datetime": {"datetime": "2025-03-01 11:39:27", "elapsed": 0.310657, "delta": 0.149854}}
{"target": -10.959682496130778, "params": {"Kd": 1.889758960055454, "Ki": 0.8807428924590472, "Kp": 7.314738437490598}, "datetime": {"datetime": "2025-03-01 11:39:27", "elapsed": 0.502401, "delta": 0.191744}}
{"target": -5.8804684339287405, "params": {"Kd": 0.8123138379266751, "Ki": 0.3996533506099896, "Kp": 0.9564998092699106}, "datetime": {"datetime": "2025-03-01 11:39:27", "elapsed": 0.674129, "delta": 0.171728}}
{"target": -7.9594457804575445, "params": {"Kd": 1.6329094023159971, "Ki": 0.4796285492210921, "Kp": 1.5135867363156075}, "datetime": {"datetime": "2025-03-01 11:39:27", "elapsed": 0.848147, "delta": 0.174018}}
{"target": -4.998787892240038, "params": {"Kd": 4.7155274323813385, "Ki": 0.36854172970661125, "Kp": 2.290827195252931}, "datetime": {"datetime": "2025-03-01 11:39:28", "elapsed": 1.011471, "delta": 0.163324}}
{"target": -8.817250912633444, "params": {"Kd": 4.4715448763948755, "Ki": 0.8616480887496067, "Kp": 4.190938362476813}, "datetime": {"datetime": "2025-03-01 11:39:28", "elapsed": 1.189672, "delta": 0.178201}}
{"target": -4.517526815323924, "params": {"Kd": 1.6682699431583556, "Ki": 0.6802288982485186, "Kp": 9.633736051904608}, "datetime": {"datetime": "2025-03-01 11:39:28", "elapsed": 1.369675, "delta": 0.180003}}
{"target": -7.089534280010794, "params": {"Kd": 0.4811975153348494, "Ki": 0.8014641018512122, "Kp": 5.9974403193520756}, "datetime": {"datetime": "2025-03-01 11:39:28", "elapsed": 1.557001, "delta": 0.187326}}
{"target": -10.457833698945288, "params": {"Kd": 2.0211407372433516, "Ki": 0.8408534258402717, "Kp": 7.600000910785114}, "datetime": {"datetime": "2025-03-01 11:39:28", "elapsed": 1.739363, "delta": 0.182362}}
{"target": -9.458054025662026, "params": {"Kd": 3.0555869261105286, "Ki": 0.222235655729446, "Kp": 9.763796115083549}, "datetime": {"datetime": "2025-03-01 11:39:29", "elapsed": 1.973398, "delta": 0.234035}}
{"target": -5.003541540953741, "params": {"Kd": 0.21389391345636444, "Ki": 0.4893993488255687, "Kp": 5.957393230385153}, "datetime": {"datetime": "2025-03-01 11:39:29", "elapsed": 2.165036, "delta": 0.191638}}
