{"target": -2.182545664132382, "params": {"Kd": 1.878955193048339, "Ki": 0.9507635921035062, "Kp": 7.34674002393291}, "datetime": {"datetime": "2025-02-26 04:54:53", "elapsed": 0.0, "delta": 0.0}}
{"target": -3.742493146793571, "params": {"Kd": 2.9973058361432123, "Ki": 0.1568626218019941, "Kp": 1.6443457513284063}, "datetime": {"datetime": "2025-02-26 04:54:53", "elapsed": 0.001001, "delta": 0.001001}}
{"target": -1.5956239125017588, "params": {"Kd": 0.29983722471931534, "Ki": 0.8663099696291603, "Kp": 6.051038616257767}, "datetime": {"datetime": "2025-02-26 04:54:53", "elapsed": 0.002001, "delta": 0.001}}
{"target": -5.848639363868182, "params": {"Kd": 3.543282163202267, "Ki": 0.021563909801506645, "Kp": 9.702107536403744}, "datetime": {"datetime": "2025-02-26 04:54:53", "elapsed": 0.003003, "delta": 0.001002}}
{"target": -4.766098609710369, "params": {"Kd": 4.163888777594105, "Ki": 0.21312677156759788, "Kp": 1.9000671753502962}, "datetime": {"datetime": "2025-02-26 04:54:53", "elapsed": 0.004001, "delta": 0.000998}}
{"target": -0.2966966734316513, "params": {"Kd": 1.806651824845882, "Ki": 0.9568430156688019, "Kp": 5.053971342530992}, "datetime": {"datetime": "2025-02-26 04:54:53", "elapsed": 0.179547, "delta": 0.175546}}
{"target": -2.165654986257224, "params": {"Kd": 0.24332624494552157, "Ki": 0.9588775475272481, "Kp": 3.2997999371347033}, "datetime": {"datetime": "2025-02-26 04:54:53", "elapsed": 0.296727, "delta": 0.11718}}
{"target": -1.1890242769224535, "params": {"Kd": 3.108036617915363, "Ki": 0.0638883093394874, "Kp": 5.356297789029456}, "datetime": {"datetime": "2025-02-26 04:54:53", "elapsed": 0.369672, "delta": 0.072945}}
{"target": -0.1250905360732364, "params": {"Kd": 1.4246528738318966, "Ki": 0.0011403879512376328, "Kp": 5.303567764976949}, "datetime": {"datetime": "2025-02-26 04:54:53", "elapsed": 0.450813, "delta": 0.081141}}
{"target": -5.443461977617598, "params": {"Kd": 0.025171168378854587, "Ki": 0.02944574200908246, "Kp": 0.10577583200467212}, "datetime": {"datetime": "2025-02-26 04:54:53", "elapsed": 0.531654, "delta": 0.080841}}
{"target": -0.6057702324442151, "params": {"Kd": 1.8257977471840776, "Ki": 0.030150822758091788, "Kp": 4.017226515855322}, "datetime": {"datetime": "2025-02-26 04:54:53", "elapsed": 0.631351, "delta": 0.099697}}
{"target": -0.4878775735054752, "params": {"Kd": 0.7002648154612942, "Ki": 0.02802128328666407, "Kp": 4.712588425682878}, "datetime": {"datetime": "2025-02-26 04:54:53", "elapsed": 0.729806, "delta": 0.098455}}
{"target": -0.1969183714669384, "params": {"Kd": 1.8716042304541751, "Ki": 0.08355616312711234, "Kp": 4.939939019665925}, "datetime": {"datetime": "2025-02-26 04:54:54", "elapsed": 0.854603, "delta": 0.124797}}
{"target": -0.18766460997067078, "params": {"Kd": 1.4146598155172478, "Ki": 0.41728885947898775, "Kp": 4.7486080475068135}, "datetime": {"datetime": "2025-02-26 04:54:54", "elapsed": 0.943862, "delta": 0.089259}}
{"target": -0.19366101494845, "params": {"Kd": 1.7615799573911761, "Ki": 0.36310854015994093, "Kp": 5.462706110395157}, "datetime": {"datetime": "2025-02-26 04:54:54", "elapsed": 1.052903, "delta": 0.109041}}
{"target": -0.11974888193396642, "params": {"Kd": 1.512176961967353, "Ki": 0.03408922994444303, "Kp": 4.825747345460544}, "datetime": {"datetime": "2025-02-26 04:54:54", "elapsed": 1.209376, "delta": 0.156473}}
{"target": -0.1136150792732526, "params": {"Kd": 1.492262283625687, "Ki": 0.1680677541888784, "Kp": 5.08868202828904}, "datetime": {"datetime": "2025-02-26 04:54:54", "elapsed": 1.411781, "delta": 0.202405}}
{"target": 0.0770351759736865, "params": {"Kd": 1.6073862382035224, "Ki": 0.0438039073285146, "Kp": 5.0149985059598405}, "datetime": {"datetime": "2025-02-26 04:54:54", "elapsed": 1.586011, "delta": 0.17423}}
{"target": -3.7090109380204885, "params": {"Kd": 4.999328178399278, "Ki": 0.9314145087066532, "Kp": 6.035961737645911}, "datetime": {"datetime": "2025-02-26 04:54:54", "elapsed": 1.699364, "delta": 0.113353}}
{"target": -5.0931398888723365, "params": {"Kd": 0.022262403261959707, "Ki": 0.00981518095027727, "Kp": 9.658450958394754}, "datetime": {"datetime": "2025-02-26 04:54:55", "elapsed": 1.805539, "delta": 0.106175}}
{"target": -1.7904296137868427, "params": {"Kd": 2.127459503353169, "Ki": 0.9902463525707277, "Kp": 3.2634474869008923}, "datetime": {"datetime": "2025-02-26 04:54:55", "elapsed": 1.909277, "delta": 0.103738}}
{"target": -1.7088865790496333, "params": {"Kd": 2.6989338559404845, "Ki": 0.007639294027889039, "Kp": 6.606543813446636}, "datetime": {"datetime": "2025-02-26 04:54:55", "elapsed": 2.017195, "delta": 0.107918}}
{"target": -7.413579970513336, "params": {"Kd": 4.7676252328859965, "Ki": 0.9115389550753048, "Kp": 0.10274003953539562}, "datetime": {"datetime": "2025-02-26 04:54:55", "elapsed": 2.145057, "delta": 0.127862}}
{"target": -3.5203217903884236, "params": {"Kd": 4.946369462816201, "Ki": 0.012839880676086414, "Kp": 3.8640269447632623}, "datetime": {"datetime": "2025-02-26 04:54:55", "elapsed": 2.269282, "delta": 0.124225}}
{"target": -1.3847410883658051, "params": {"Kd": 0.0811426531204092, "Ki": 0.9961393380239517, "Kp": 4.569809126810472}, "datetime": {"datetime": "2025-02-26 04:54:55", "elapsed": 2.380634, "delta": 0.111352}}
