{"target": -0.14949163683738204, "params": {"learning_rate": 0.11861663446573512, "max_depth": 9.655000144869414, "n_estimators": 159.79909127171078}, "datetime": {"datetime": "2025-02-26 05:43:55", "elapsed": 0.0, "delta": 0.0}}
{"target": -0.13022737923060257, "params": {"learning_rate": 0.18361096041714062, "max_depth": 4.092130483097056, "n_estimators": 73.3991780504304}, "datetime": {"datetime": "2025-02-26 05:44:05", "elapsed": 9.975202, "delta": 9.975202}}
{"target": -0.14916224328769576, "params": {"learning_rate": 0.026844247528777843, "max_depth": 9.063233020424546, "n_estimators": 140.16725176148134}, "datetime": {"datetime": "2025-02-26 05:46:16", "elapsed": 141.374834, "delta": 131.399632}}
{"target": -0.13269843683864324, "params": {"learning_rate": 0.21534104756085318, "max_depth": 3.144091460070617, "n_estimators": 195.48647782429916}, "datetime": {"datetime": "2025-02-26 05:46:31", "elapsed": 155.631187, "delta": 14.256353}}
{"target": -0.13197622752993776, "params": {"learning_rate": 0.2514083658321223, "max_depth": 4.486373774747933, "n_estimators": 77.2737450810651}, "datetime": {"datetime": "2025-02-26 05:46:41", "elapsed": 165.650723, "delta": 10.019536}}
